<?xml version="1.0" encoding="utf-8"?><testsuites name="pytest tests"><testsuite name="pytest" errors="0" failures="0" skipped="0" tests="40" time="32.823" timestamp="2026-08-29T07:02:03.156253+08:00" hostname="DESKTOP-A0OTR0G"><testcase classname="tests.test_loader" name="test_load_workspace_resolves_sibling_paths" time="0.019" /><testcase classname="tests.test_loader" name="test_lab_workspace_yaml" time="0.012" /><testcase classname="tests.test_loader" name="test_resolve_path_helper" time="0.010" /><testcase classname="tests.test_loader" name="test_default_workspace_futures_and_lab_contract" time="0.017" /><testcase classname="tests.test_stack_manifest" name="test_release_manifest_is_complete_and_deterministic" time="1.870" /><testcase classname="tests.test_stack_manifest" name="test_full_commit_internal_reference_is_release_safe" time="0.992" /><testcase classname="tests.test_stack_manifest" name="test_dirty_and_untagged_are_audit_warnings_and_release_errors" time="1.360" /><testcase classname="tests.test_stack_manifest" name="test_floating_internal_reference_fails_closed[main-DEPENDENCY_REF_FLOATING]" time="1.436" /><testcase classname="tests.test_stack_manifest" name="test_floating_internal_reference_fails_closed[missing-v9-DEPENDENCY_REF_FLOATING]" time="1.382" /><testcase classname="tests.test_stack_manifest" name="test_plain_version_internal_dependency_is_floating" time="0.934" /><testcase classname="tests.test_stack_manifest" name="test_vcs_url_without_ref_is_floating_not_username_ref[git+ssh://git@github.com/PureSaber/base-lib.git]" time="0.936" /><testcase classname="tests.test_stack_manifest" name="test_vcs_url_without_ref_is_floating_not_username_ref[git+https://github.com/PureSaber/base-lib.git]" time="0.971" /><testcase classname="tests.test_stack_manifest" name="test_vcs_url_without_ref_is_floating_not_username_ref[git@github.com:PureSaber/base-lib.git]" time="0.944" /><testcase classname="tests.test_stack_manifest" name="test_dependency_commit_and_origin_mismatch_fail_closed" time="1.259" /><testcase classname="tests.test_stack_manifest" name="test_missing_repository_and_dependency_target_are_reported" time="0.644" /><testcase classname="tests.test_stack_manifest" name="test_dependency_cycle_fails_closed" time="1.036" /><testcase classname="tests.test_stack_manifest" name="test_reverse_layer_dependency_fails_closed" time="0.941" /><testcase classname="tests.test_stack_manifest" name="test_schema_and_lock_are_release_gates[False-locks0-SCHEMA_MISSING]" time="0.462" /><testcase classname="tests.test_stack_manifest" name="test_schema_and_lock_are_release_gates[True-locks1-LOCK_MISSING]" time="0.467" /><testcase classname="tests.test_stack_manifest" name="test_schema_and_lock_are_release_gates[True-locks2-LOCK_HASH_INVALID]" time="0.483" /><testcase classname="tests.test_stack_manifest" name="test_disallowed_and_malformed_schema_are_reported" time="0.619" /><testcase classname="tests.test_stack_manifest" name="test_repository_and_lock_path_escape_fail_closed" time="0.467" /><testcase classname="tests.test_stack_manifest" name="test_atomic_writer_refuses_overwrite_and_round_trips" time="1.014" /><testcase classname="tests.test_stack_manifest" name="test_writer_rejects_invalid_manifest_before_publish" time="0.982" /><testcase classname="tests.test_stack_manifest" name="test_writer_loses_no_clobber_race_and_cleans_temp" time="0.949" /><testcase classname="tests.test_stack_manifest" name="test_cli_stack_manifest_and_verify" time="0.944" /><testcase classname="tests.test_stack_manifest" name="test_cli_reports_release_failure_and_invalid_file" time="1.376" /><testcase classname="tests.test_stack_manifest" name="test_tamper_and_noncanonical_fields_fail_validation" time="0.967" /><testcase classname="tests.test_stack_manifest" name="test_static_manifest_structural_failures" time="0.949" /><testcase classname="tests.test_stack_manifest" name="test_conflicting_and_inconsistent_dependency_records" time="0.945" /><testcase classname="tests.test_stack_manifest" name="test_origin_normalization[git@github.com:PureSaber/repo.git-https://github.com/PureSaber/repo]" time="0.001" /><testcase classname="tests.test_stack_manifest" name="test_origin_normalization[ssh://git@github.com/PureSaber/repo.git-https://github.com/PureSaber/repo]" time="0.001" /><testcase classname="tests.test_stack_manifest" name="test_origin_normalization[git+http://GitHub.com/PureSaber/repo.git/-https://github.com/PureSaber/repo]" time="0.001" /><testcase classname="tests.test_stack_manifest" name="test_model_deserialization_and_timestamp_validation" time="1.876" /><testcase classname="tests.test_stack_manifest" name="test_validation_result_views_and_issue_serialization" time="0.959" /><testcase classname="tests.test_stack_manifest" name="test_missing_origin_and_non_git_repository_are_auditable" time="0.123" /><testcase classname="tests.test_stack_manifest" name="test_package_version_python_range_and_tag_metadata_are_validated" time="0.982" /><testcase classname="tests.test_stack_manifest" name="test_explicit_empty_or_malformed_allowed_schema_fails_closed[allowed0]" time="0.972" /><testcase classname="tests.test_stack_manifest" name="test_explicit_empty_or_malformed_allowed_schema_fails_closed[allowed1]" time="0.941" /><testcase classname="tests.test_stack_manifest" name="test_optional_internal_dependency_is_discovered" time="1.045" /></testsuite></testsuites>